<?xml version="1.0" encoding="UTF-8"?>
<!-- Generated by org.testng.reporters.JUnitReportReporter -->
<testsuite hostname="TLPSYS24-PC" name="Insurance.Insurance.TestExcution" tests="4" failures="0" timestamp="3 Jul 2018 09:14:28 GMT" time="3.721" errors="0">
  <testcase name="verifylogin" time="1.154" classname="Insurance.Insurance.TestExcution"/>
  <testcase name="verifyreg" time="1.277" classname="Insurance.Insurance.TestExcution"/>
  <testcase name="verifyhome" time="0.438" classname="Insurance.Insurance.TestExcution"/>
  <testcase name="verifyadmin" time="0.852" classname="Insurance.Insurance.TestExcution"/>
</testsuite> <!-- Insurance.Insurance.TestExcution -->
